<?xml version="1.0" encoding="UTF-8"?>
<robot generator="Robot 4.1.3 (Python 3.8.0 on win32)" generated="20220328 16:13:38.922" rpa="false" schemaversion="2">
<suite id="s1" name="orderTest" source="C:\Users\user\Desktop\Dojobox\demoBlaze\orderFeature\orderTest.robot">
<test id="s1-t1" name="Order a Product with all data filled">
<kw name="Open Browser Chrome" library="orderKeywords" type="SETUP">
<kw name="Open Browser" library="SeleniumLibrary">
<arg>browser=chrome</arg>
<doc>Opens a new browser instance to the optional ``url``.</doc>
<msg timestamp="20220328 16:13:39.287" level="INFO">Opening browser 'chrome' to base url 'None'.</msg>
<status status="PASS" starttime="20220328 16:13:39.286" endtime="20220328 16:13:40.830"/>
</kw>
<kw name="Maximize Browser Window" library="SeleniumLibrary">
<doc>Maximizes current browser window.</doc>
<status status="PASS" starttime="20220328 16:13:40.831" endtime="20220328 16:13:40.961"/>
</kw>
<status status="PASS" starttime="20220328 16:13:39.286" endtime="20220328 16:13:40.961"/>
</kw>
<kw name="Successfully Login" library="orderKeywords">
<kw name="Navigate to Demo Blaze Page" library="orderKeywords">
<kw name="Go To" library="SeleniumLibrary">
<arg>${base_URL}</arg>
<doc>Navigates the current browser window to the provided ``url``.</doc>
<msg timestamp="20220328 16:13:40.965" level="INFO">Opening url 'https://www.demoblaze.com/index.html'</msg>
<status status="PASS" starttime="20220328 16:13:40.964" endtime="20220328 16:13:42.097"/>
</kw>
<status status="PASS" starttime="20220328 16:13:40.963" endtime="20220328 16:13:42.097"/>
</kw>
<kw name="Navigate to Log in Menu" library="orderKeywords">
<kw name="Wait Until Page Contains" library="SeleniumLibrary">
<arg>Log in</arg>
<arg>5seconds</arg>
<doc>Waits until ``text`` appears on the current page.</doc>
<status status="PASS" starttime="20220328 16:13:42.098" endtime="20220328 16:13:42.117"/>
</kw>
<kw name="Click Element" library="SeleniumLibrary">
<arg>${login_menu}</arg>
<doc>Click the element identified by ``locator``.</doc>
<msg timestamp="20220328 16:13:42.118" level="INFO">Clicking element '//a[@id="login2"]'.</msg>
<status status="PASS" starttime="20220328 16:13:42.117" endtime="20220328 16:13:42.266"/>
</kw>
<status status="PASS" starttime="20220328 16:13:42.097" endtime="20220328 16:13:42.267"/>
</kw>
<kw name="Input Username" library="orderKeywords">
<arg>${username_}</arg>
<kw name="Wait Until Element Is Visible" library="SeleniumLibrary">
<arg>${username_txtbox}</arg>
<doc>Waits until the element ``locator`` is visible.</doc>
<status status="PASS" starttime="20220328 16:13:42.268" endtime="20220328 16:13:42.556"/>
</kw>
<kw name="Input Text" library="SeleniumLibrary">
<arg>${username_txtbox}</arg>
<arg>${username_}</arg>
<doc>Types the given ``text`` into the text field identified by ``locator``.</doc>
<msg timestamp="20220328 16:13:42.557" level="INFO">Typing text 'ganjar' into text field '//input[@id="loginusername"]'.</msg>
<status status="PASS" starttime="20220328 16:13:42.556" endtime="20220328 16:13:42.692"/>
</kw>
<status status="PASS" starttime="20220328 16:13:42.267" endtime="20220328 16:13:42.692"/>
</kw>
<kw name="Input Password" library="orderKeywords">
<arg>${password_}</arg>
<kw name="Wait Until Element Is Visible" library="SeleniumLibrary">
<arg>${password_txtbox}</arg>
<doc>Waits until the element ``locator`` is visible.</doc>
<status status="PASS" starttime="20220328 16:13:42.695" endtime="20220328 16:13:42.754"/>
</kw>
<kw name="Input Text" library="SeleniumLibrary">
<arg>${password_txtbox}</arg>
<arg>${password_}</arg>
<doc>Types the given ``text`` into the text field identified by ``locator``.</doc>
<msg timestamp="20220328 16:13:42.755" level="INFO">Typing text 'ganjar' into text field '//input[@id="loginpassword"]'.</msg>
<status status="PASS" starttime="20220328 16:13:42.754" endtime="20220328 16:13:42.889"/>
</kw>
<status status="PASS" starttime="20220328 16:13:42.693" endtime="20220328 16:13:42.890"/>
</kw>
<kw name="Click Log in Button" library="orderKeywords">
<kw name="Wait Until Element Is Visible" library="SeleniumLibrary">
<arg>${login_button}</arg>
<arg>5seconds</arg>
<doc>Waits until the element ``locator`` is visible.</doc>
<status status="PASS" starttime="20220328 16:13:42.891" endtime="20220328 16:13:42.936"/>
</kw>
<kw name="Click Element" library="SeleniumLibrary">
<arg>${login_button}</arg>
<doc>Click the element identified by ``locator``.</doc>
<msg timestamp="20220328 16:13:42.937" level="INFO">Clicking element '//button[@onclick="logIn()"]'.</msg>
<status status="PASS" starttime="20220328 16:13:42.936" endtime="20220328 16:13:43.333"/>
</kw>
<status status="PASS" starttime="20220328 16:13:42.890" endtime="20220328 16:13:43.333"/>
</kw>
<kw name="Confirm successfull Login" library="orderKeywords">
<kw name="Wait Until Element Is Visible" library="SeleniumLibrary">
<arg>${success_login}</arg>
<doc>Waits until the element ``locator`` is visible.</doc>
<msg timestamp="20220328 16:13:44.288" level="INFO">Suppressing StaleElementReferenceException from Selenium.</msg>
<status status="PASS" starttime="20220328 16:13:43.334" endtime="20220328 16:13:44.989"/>
</kw>
<status status="PASS" starttime="20220328 16:13:43.333" endtime="20220328 16:13:44.989"/>
</kw>
<status status="PASS" starttime="20220328 16:13:40.962" endtime="20220328 16:13:44.990"/>
</kw>
<kw name="Choose Phone Category" library="orderKeywords">
<kw name="Wait Until Element Is Visible" library="SeleniumLibrary">
<arg>${phone_cat}</arg>
<doc>Waits until the element ``locator`` is visible.</doc>
<status status="PASS" starttime="20220328 16:13:44.991" endtime="20220328 16:13:45.018"/>
</kw>
<kw name="Click Element" library="SeleniumLibrary">
<arg>${phone_cat}</arg>
<doc>Click the element identified by ``locator``.</doc>
<msg timestamp="20220328 16:13:45.019" level="INFO">Clicking element '//a[@onclick="byCat('phone')"]'.</msg>
<status status="PASS" starttime="20220328 16:13:45.018" endtime="20220328 16:13:45.080"/>
</kw>
<status status="PASS" starttime="20220328 16:13:44.991" endtime="20220328 16:13:45.081"/>
</kw>
<kw name="Choose Samsung Galaxy S6" library="orderKeywords">
<kw name="Wait Until Page Contains" library="SeleniumLibrary">
<arg>${product_selected}</arg>
<doc>Waits until ``text`` appears on the current page.</doc>
<status status="PASS" starttime="20220328 16:13:45.084" endtime="20220328 16:13:45.100"/>
</kw>
<kw name="Click Link" library="SeleniumLibrary">
<arg>${product_selected}</arg>
<doc>Clicks a link identified by ``locator``.</doc>
<msg timestamp="20220328 16:13:45.101" level="INFO">Clicking link 'Samsung galaxy s6'.</msg>
<status status="PASS" starttime="20220328 16:13:45.100" endtime="20220328 16:13:45.801"/>
</kw>
<status status="PASS" starttime="20220328 16:13:45.083" endtime="20220328 16:13:45.802"/>
</kw>
<kw name="Verify Navigate to a product" library="orderKeywords">
<kw name="Location Should Be" library="SeleniumLibrary">
<arg>https://www.demoblaze.com/prod.html?idp_=1</arg>
<doc>Verifies that the current URL is exactly ``url``.</doc>
<msg timestamp="20220328 16:13:45.851" level="INFO">Current location is 'https://www.demoblaze.com/prod.html?idp_=1'.</msg>
<status status="PASS" starttime="20220328 16:13:45.803" endtime="20220328 16:13:45.851"/>
</kw>
<status status="PASS" starttime="20220328 16:13:45.803" endtime="20220328 16:13:45.852"/>
</kw>
<kw name="Continue Add to cart" library="orderKeywords">
<kw name="Wait Until Element Is Visible" library="SeleniumLibrary">
<arg>${add_to_cart_button}</arg>
<doc>Waits until the element ``locator`` is visible.</doc>
<status status="PASS" starttime="20220328 16:13:45.854" endtime="20220328 16:13:46.550"/>
</kw>
<kw name="Click Element" library="SeleniumLibrary">
<arg>${add_to_cart_button}</arg>
<doc>Click the element identified by ``locator``.</doc>
<msg timestamp="20220328 16:13:46.550" level="INFO">Clicking element '//a[@onclick="addToCart(1)"]'.</msg>
<status status="PASS" starttime="20220328 16:13:46.550" endtime="20220328 16:13:46.612"/>
</kw>
<status status="PASS" starttime="20220328 16:13:45.853" endtime="20220328 16:13:46.613"/>
</kw>
<kw name="Confirm successfull add to cart" library="orderKeywords">
<kw name="Alert Should Be Present" library="SeleniumLibrary">
<arg>Product added.</arg>
<doc>Verifies that an alert is present and by default, accepts it.</doc>
<msg timestamp="20220328 16:13:46.617" level="INFO">HANDLE::&lt;class 'NoneType'&gt;::None</msg>
<status status="PASS" starttime="20220328 16:13:46.616" endtime="20220328 16:13:47.653"/>
</kw>
<status status="PASS" starttime="20220328 16:13:46.615" endtime="20220328 16:13:47.654"/>
</kw>
<kw name="Navigate to Cart Menu" library="orderKeywords">
<kw name="Wait Until Element Is Visible" library="SeleniumLibrary">
<arg>${cart_menu}</arg>
<doc>Waits until the element ``locator`` is visible.</doc>
<status status="PASS" starttime="20220328 16:13:47.655" endtime="20220328 16:13:47.686"/>
</kw>
<kw name="Click Element" library="SeleniumLibrary">
<arg>${cart_menu}</arg>
<doc>Click the element identified by ``locator``.</doc>
<msg timestamp="20220328 16:13:47.686" level="INFO">Clicking element '//a[@id="cartur"]'.</msg>
<status status="PASS" starttime="20220328 16:13:47.686" endtime="20220328 16:13:48.470"/>
</kw>
<status status="PASS" starttime="20220328 16:13:47.654" endtime="20220328 16:13:48.471"/>
</kw>
<kw name="Verify Product in cart" library="orderKeywords">
<kw name="Wait Until Page Contains" library="SeleniumLibrary">
<arg>${product_selected}</arg>
<doc>Waits until ``text`` appears on the current page.</doc>
<status status="PASS" starttime="20220328 16:13:48.472" endtime="20220328 16:13:49.387"/>
</kw>
<kw name="Page Should Contain" library="SeleniumLibrary">
<arg>${product_selected}</arg>
<doc>Verifies that current page contains ``text``.</doc>
<msg timestamp="20220328 16:13:49.401" level="INFO">Current page contains text 'Samsung galaxy s6'.</msg>
<status status="PASS" starttime="20220328 16:13:49.388" endtime="20220328 16:13:49.401"/>
</kw>
<status status="PASS" starttime="20220328 16:13:48.471" endtime="20220328 16:13:49.401"/>
</kw>
<kw name="Continue to place order" library="orderKeywords">
<kw name="Wait Until Element Is Visible" library="SeleniumLibrary">
<arg>${place_order_button}</arg>
<doc>Waits until the element ``locator`` is visible.</doc>
<status status="PASS" starttime="20220328 16:13:49.403" endtime="20220328 16:13:49.434"/>
</kw>
<kw name="Click Element" library="SeleniumLibrary">
<arg>${place_order_button}</arg>
<doc>Click the element identified by ``locator``.</doc>
<msg timestamp="20220328 16:13:49.435" level="INFO">Clicking element '//button[@class="btn btn-success"]'.</msg>
<status status="PASS" starttime="20220328 16:13:49.435" endtime="20220328 16:13:49.496"/>
</kw>
<status status="PASS" starttime="20220328 16:13:49.402" endtime="20220328 16:13:49.497"/>
</kw>
<kw name="Verify Form Order Present" library="orderKeywords">
<kw name="Wait Until Element Is Visible" library="SeleniumLibrary">
<arg>${form_order}</arg>
<doc>Waits until the element ``locator`` is visible.</doc>
<status status="PASS" starttime="20220328 16:13:49.498" endtime="20220328 16:13:50.003"/>
</kw>
<status status="PASS" starttime="20220328 16:13:49.498" endtime="20220328 16:13:50.003"/>
</kw>
<kw name="Input Name" library="orderKeywords">
<kw name="Input Text" library="SeleniumLibrary">
<arg>${name_txtbox}</arg>
<arg>Ganjar</arg>
<doc>Types the given ``text`` into the text field identified by ``locator``.</doc>
<msg timestamp="20220328 16:13:50.006" level="INFO">Typing text 'Ganjar' into text field '//input[@id="name"]'.</msg>
<status status="PASS" starttime="20220328 16:13:50.005" endtime="20220328 16:13:50.137"/>
</kw>
<status status="PASS" starttime="20220328 16:13:50.005" endtime="20220328 16:13:50.138"/>
</kw>
<kw name="Input Country" library="orderKeywords">
<kw name="Input Text" library="SeleniumLibrary">
<arg>${country_txtbox}</arg>
<arg>Indonesia</arg>
<doc>Types the given ``text`` into the text field identified by ``locator``.</doc>
<msg timestamp="20220328 16:13:50.141" level="INFO">Typing text 'Indonesia' into text field '//input[@id="country"]'.</msg>
<status status="PASS" starttime="20220328 16:13:50.140" endtime="20220328 16:13:50.318"/>
</kw>
<status status="PASS" starttime="20220328 16:13:50.139" endtime="20220328 16:13:50.318"/>
</kw>
<kw name="Input City" library="orderKeywords">
<kw name="Input Text" library="SeleniumLibrary">
<arg>${city_txtbox}</arg>
<arg>Yogyakarta</arg>
<doc>Types the given ``text`` into the text field identified by ``locator``.</doc>
<msg timestamp="20220328 16:13:50.321" level="INFO">Typing text 'Yogyakarta' into text field '//input[@id="city"]'.</msg>
<status status="PASS" starttime="20220328 16:13:50.320" endtime="20220328 16:13:50.519"/>
</kw>
<status status="PASS" starttime="20220328 16:13:50.319" endtime="20220328 16:13:50.520"/>
</kw>
<kw name="Input Credit card" library="orderKeywords">
<kw name="Input Text" library="SeleniumLibrary">
<arg>${cc_txtbox}</arg>
<arg>12345</arg>
<doc>Types the given ``text`` into the text field identified by ``locator``.</doc>
<msg timestamp="20220328 16:13:50.522" level="INFO">Typing text '12345' into text field '//input[@id="card"]'.</msg>
<status status="PASS" starttime="20220328 16:13:50.521" endtime="20220328 16:13:50.684"/>
</kw>
<status status="PASS" starttime="20220328 16:13:50.520" endtime="20220328 16:13:50.685"/>
</kw>
<kw name="Input Month" library="orderKeywords">
<kw name="Input Text" library="SeleniumLibrary">
<arg>${month_txtbox}</arg>
<arg>April</arg>
<doc>Types the given ``text`` into the text field identified by ``locator``.</doc>
<msg timestamp="20220328 16:13:50.688" level="INFO">Typing text 'April' into text field '//input[@id="month"]'.</msg>
<status status="PASS" starttime="20220328 16:13:50.687" endtime="20220328 16:13:50.831"/>
</kw>
<status status="PASS" starttime="20220328 16:13:50.686" endtime="20220328 16:13:50.832"/>
</kw>
<kw name="Input Year" library="orderKeywords">
<kw name="Scroll Element Into View" library="SeleniumLibrary">
<arg>${year_txtbox}</arg>
<doc>Scrolls the element identified by ``locator`` into view.</doc>
<status status="PASS" starttime="20220328 16:13:50.835" endtime="20220328 16:13:51.138"/>
</kw>
<kw name="Input Text" library="SeleniumLibrary">
<arg>${year_txtbox}</arg>
<arg>2077</arg>
<doc>Types the given ``text`` into the text field identified by ``locator``.</doc>
<msg timestamp="20220328 16:13:51.139" level="INFO">Typing text '2077' into text field '//input[@id="year"]'.</msg>
<status status="PASS" starttime="20220328 16:13:51.138" endtime="20220328 16:13:51.258"/>
</kw>
<status status="PASS" starttime="20220328 16:13:50.834" endtime="20220328 16:13:51.259"/>
</kw>
<kw name="Continue to purchase the order" library="orderKeywords">
<kw name="Scroll Element Into View" library="SeleniumLibrary">
<arg>${purchase_button}</arg>
<doc>Scrolls the element identified by ``locator`` into view.</doc>
<status status="PASS" starttime="20220328 16:13:51.261" endtime="20220328 16:13:51.560"/>
</kw>
<kw name="Click Element" library="SeleniumLibrary">
<arg>${purchase_button}</arg>
<doc>Click the element identified by ``locator``.</doc>
<msg timestamp="20220328 16:13:51.561" level="INFO">Clicking element '//button[@onclick="purchaseOrder()"]'.</msg>
<status status="PASS" starttime="20220328 16:13:51.561" endtime="20220328 16:13:51.638"/>
</kw>
<status status="PASS" starttime="20220328 16:13:51.260" endtime="20220328 16:13:51.638"/>
</kw>
<kw name="Confirm purchase information present" library="orderKeywords">
<kw name="Wait Until Element Is Visible" library="SeleniumLibrary">
<arg>${purchase_info}</arg>
<doc>Waits until the element ``locator`` is visible.</doc>
<status status="PASS" starttime="20220328 16:13:51.639" endtime="20220328 16:13:52.330"/>
</kw>
<status status="PASS" starttime="20220328 16:13:51.639" endtime="20220328 16:13:52.330"/>
</kw>
<kw name="Click OK Button" library="orderKeywords">
<kw name="Wait Until Element Is Visible" library="SeleniumLibrary">
<arg>${ok_button}</arg>
<doc>Waits until the element ``locator`` is visible.</doc>
<status status="PASS" starttime="20220328 16:13:52.332" endtime="20220328 16:13:52.363"/>
</kw>
<kw name="Click Element" library="SeleniumLibrary">
<arg>${ok_button}</arg>
<doc>Click the element identified by ``locator``.</doc>
<msg timestamp="20220328 16:13:52.364" level="INFO">Clicking element '//button[@class="confirm btn btn-lg btn-primary"]'.</msg>
<status status="PASS" starttime="20220328 16:13:52.364" endtime="20220328 16:13:53.240"/>
</kw>
<status status="PASS" starttime="20220328 16:13:52.331" endtime="20220328 16:13:53.241"/>
</kw>
<kw name="Close Browser" library="SeleniumLibrary" type="TEARDOWN">
<doc>Closes the current browser.</doc>
<status status="PASS" starttime="20220328 16:13:53.242" endtime="20220328 16:13:56.921"/>
</kw>
<status status="PASS" starttime="20220328 16:13:39.285" endtime="20220328 16:13:56.922"/>
</test>
<test id="s1-t2" name="Order a Product with blank form">
<kw name="Open Browser Chrome" library="orderKeywords" type="SETUP">
<kw name="Open Browser" library="SeleniumLibrary">
<arg>browser=chrome</arg>
<doc>Opens a new browser instance to the optional ``url``.</doc>
<msg timestamp="20220328 16:13:56.926" level="INFO">Opening browser 'chrome' to base url 'None'.</msg>
<status status="PASS" starttime="20220328 16:13:56.925" endtime="20220328 16:13:58.439"/>
</kw>
<kw name="Maximize Browser Window" library="SeleniumLibrary">
<doc>Maximizes current browser window.</doc>
<status status="PASS" starttime="20220328 16:13:58.439" endtime="20220328 16:13:58.562"/>
</kw>
<status status="PASS" starttime="20220328 16:13:56.925" endtime="20220328 16:13:58.563"/>
</kw>
<kw name="Successfully Login" library="orderKeywords">
<kw name="Navigate to Demo Blaze Page" library="orderKeywords">
<kw name="Go To" library="SeleniumLibrary">
<arg>${base_URL}</arg>
<doc>Navigates the current browser window to the provided ``url``.</doc>
<msg timestamp="20220328 16:13:58.566" level="INFO">Opening url 'https://www.demoblaze.com/index.html'</msg>
<status status="PASS" starttime="20220328 16:13:58.565" endtime="20220328 16:13:59.725"/>
</kw>
<status status="PASS" starttime="20220328 16:13:58.565" endtime="20220328 16:13:59.725"/>
</kw>
<kw name="Navigate to Log in Menu" library="orderKeywords">
<kw name="Wait Until Page Contains" library="SeleniumLibrary">
<arg>Log in</arg>
<arg>5seconds</arg>
<doc>Waits until ``text`` appears on the current page.</doc>
<status status="PASS" starttime="20220328 16:13:59.726" endtime="20220328 16:13:59.762"/>
</kw>
<kw name="Click Element" library="SeleniumLibrary">
<arg>${login_menu}</arg>
<doc>Click the element identified by ``locator``.</doc>
<msg timestamp="20220328 16:13:59.764" level="INFO">Clicking element '//a[@id="login2"]'.</msg>
<status status="PASS" starttime="20220328 16:13:59.762" endtime="20220328 16:13:59.853"/>
</kw>
<status status="PASS" starttime="20220328 16:13:59.725" endtime="20220328 16:13:59.853"/>
</kw>
<kw name="Input Username" library="orderKeywords">
<arg>${username_}</arg>
<kw name="Wait Until Element Is Visible" library="SeleniumLibrary">
<arg>${username_txtbox}</arg>
<doc>Waits until the element ``locator`` is visible.</doc>
<status status="PASS" starttime="20220328 16:13:59.855" endtime="20220328 16:14:00.159"/>
</kw>
<kw name="Input Text" library="SeleniumLibrary">
<arg>${username_txtbox}</arg>
<arg>${username_}</arg>
<doc>Types the given ``text`` into the text field identified by ``locator``.</doc>
<msg timestamp="20220328 16:14:00.160" level="INFO">Typing text 'ganjar' into text field '//input[@id="loginusername"]'.</msg>
<status status="PASS" starttime="20220328 16:14:00.159" endtime="20220328 16:14:00.404"/>
</kw>
<status status="PASS" starttime="20220328 16:13:59.853" endtime="20220328 16:14:00.405"/>
</kw>
<kw name="Input Password" library="orderKeywords">
<arg>${password_}</arg>
<kw name="Wait Until Element Is Visible" library="SeleniumLibrary">
<arg>${password_txtbox}</arg>
<doc>Waits until the element ``locator`` is visible.</doc>
<status status="PASS" starttime="20220328 16:14:00.407" endtime="20220328 16:14:00.608"/>
</kw>
<kw name="Input Text" library="SeleniumLibrary">
<arg>${password_txtbox}</arg>
<arg>${password_}</arg>
<doc>Types the given ``text`` into the text field identified by ``locator``.</doc>
<msg timestamp="20220328 16:14:00.609" level="INFO">Typing text 'ganjar' into text field '//input[@id="loginpassword"]'.</msg>
<status status="PASS" starttime="20220328 16:14:00.608" endtime="20220328 16:14:00.799"/>
</kw>
<status status="PASS" starttime="20220328 16:14:00.405" endtime="20220328 16:14:00.800"/>
</kw>
<kw name="Click Log in Button" library="orderKeywords">
<kw name="Wait Until Element Is Visible" library="SeleniumLibrary">
<arg>${login_button}</arg>
<arg>5seconds</arg>
<doc>Waits until the element ``locator`` is visible.</doc>
<status status="PASS" starttime="20220328 16:14:00.800" endtime="20220328 16:14:00.832"/>
</kw>
<kw name="Click Element" library="SeleniumLibrary">
<arg>${login_button}</arg>
<doc>Click the element identified by ``locator``.</doc>
<msg timestamp="20220328 16:14:00.833" level="INFO">Clicking element '//button[@onclick="logIn()"]'.</msg>
<status status="PASS" starttime="20220328 16:14:00.832" endtime="20220328 16:14:00.894"/>
</kw>
<status status="PASS" starttime="20220328 16:14:00.800" endtime="20220328 16:14:00.895"/>
</kw>
<kw name="Confirm successfull Login" library="orderKeywords">
<kw name="Wait Until Element Is Visible" library="SeleniumLibrary">
<arg>${success_login}</arg>
<doc>Waits until the element ``locator`` is visible.</doc>
<status status="PASS" starttime="20220328 16:14:00.895" endtime="20220328 16:14:02.680"/>
</kw>
<status status="PASS" starttime="20220328 16:14:00.895" endtime="20220328 16:14:02.680"/>
</kw>
<status status="PASS" starttime="20220328 16:13:58.564" endtime="20220328 16:14:02.680"/>
</kw>
<kw name="Choose Phone Category" library="orderKeywords">
<kw name="Wait Until Element Is Visible" library="SeleniumLibrary">
<arg>${phone_cat}</arg>
<doc>Waits until the element ``locator`` is visible.</doc>
<status status="PASS" starttime="20220328 16:14:02.682" endtime="20220328 16:14:02.713"/>
</kw>
<kw name="Click Element" library="SeleniumLibrary">
<arg>${phone_cat}</arg>
<doc>Click the element identified by ``locator``.</doc>
<msg timestamp="20220328 16:14:02.714" level="INFO">Clicking element '//a[@onclick="byCat('phone')"]'.</msg>
<status status="PASS" starttime="20220328 16:14:02.713" endtime="20220328 16:14:02.774"/>
</kw>
<status status="PASS" starttime="20220328 16:14:02.681" endtime="20220328 16:14:02.775"/>
</kw>
<kw name="Choose Samsung Galaxy S6" library="orderKeywords">
<kw name="Wait Until Page Contains" library="SeleniumLibrary">
<arg>${product_selected}</arg>
<doc>Waits until ``text`` appears on the current page.</doc>
<status status="PASS" starttime="20220328 16:14:02.777" endtime="20220328 16:14:02.795"/>
</kw>
<kw name="Click Link" library="SeleniumLibrary">
<arg>${product_selected}</arg>
<doc>Clicks a link identified by ``locator``.</doc>
<msg timestamp="20220328 16:14:02.796" level="INFO">Clicking link 'Samsung galaxy s6'.</msg>
<status status="PASS" starttime="20220328 16:14:02.795" endtime="20220328 16:14:03.460"/>
</kw>
<status status="PASS" starttime="20220328 16:14:02.776" endtime="20220328 16:14:03.460"/>
</kw>
<kw name="Verify Navigate to a product" library="orderKeywords">
<kw name="Location Should Be" library="SeleniumLibrary">
<arg>https://www.demoblaze.com/prod.html?idp_=1</arg>
<doc>Verifies that the current URL is exactly ``url``.</doc>
<msg timestamp="20220328 16:14:03.466" level="INFO">Current location is 'https://www.demoblaze.com/prod.html?idp_=1'.</msg>
<status status="PASS" starttime="20220328 16:14:03.461" endtime="20220328 16:14:03.466"/>
</kw>
<status status="PASS" starttime="20220328 16:14:03.461" endtime="20220328 16:14:03.466"/>
</kw>
<kw name="Continue Add to cart" library="orderKeywords">
<kw name="Wait Until Element Is Visible" library="SeleniumLibrary">
<arg>${add_to_cart_button}</arg>
<doc>Waits until the element ``locator`` is visible.</doc>
<status status="PASS" starttime="20220328 16:14:03.467" endtime="20220328 16:14:04.409"/>
</kw>
<kw name="Click Element" library="SeleniumLibrary">
<arg>${add_to_cart_button}</arg>
<doc>Click the element identified by ``locator``.</doc>
<msg timestamp="20220328 16:14:04.410" level="INFO">Clicking element '//a[@onclick="addToCart(1)"]'.</msg>
<status status="PASS" starttime="20220328 16:14:04.410" endtime="20220328 16:14:04.473"/>
</kw>
<status status="PASS" starttime="20220328 16:14:03.466" endtime="20220328 16:14:04.474"/>
</kw>
<kw name="Confirm successfull add to cart" library="orderKeywords">
<kw name="Alert Should Be Present" library="SeleniumLibrary">
<arg>Product added.</arg>
<doc>Verifies that an alert is present and by default, accepts it.</doc>
<msg timestamp="20220328 16:14:04.476" level="INFO">HANDLE::&lt;class 'NoneType'&gt;::None</msg>
<status status="PASS" starttime="20220328 16:14:04.476" endtime="20220328 16:14:05.502"/>
</kw>
<status status="PASS" starttime="20220328 16:14:04.475" endtime="20220328 16:14:05.503"/>
</kw>
<kw name="Navigate to Cart Menu" library="orderKeywords">
<kw name="Wait Until Element Is Visible" library="SeleniumLibrary">
<arg>${cart_menu}</arg>
<doc>Waits until the element ``locator`` is visible.</doc>
<status status="PASS" starttime="20220328 16:14:05.504" endtime="20220328 16:14:05.544"/>
</kw>
<kw name="Click Element" library="SeleniumLibrary">
<arg>${cart_menu}</arg>
<doc>Click the element identified by ``locator``.</doc>
<msg timestamp="20220328 16:14:05.545" level="INFO">Clicking element '//a[@id="cartur"]'.</msg>
<status status="PASS" starttime="20220328 16:14:05.545" endtime="20220328 16:14:06.245"/>
</kw>
<status status="PASS" starttime="20220328 16:14:05.503" endtime="20220328 16:14:06.246"/>
</kw>
<kw name="Verify Product in cart" library="orderKeywords">
<kw name="Wait Until Page Contains" library="SeleniumLibrary">
<arg>${product_selected}</arg>
<doc>Waits until ``text`` appears on the current page.</doc>
<status status="PASS" starttime="20220328 16:14:06.247" endtime="20220328 16:14:07.189"/>
</kw>
<kw name="Page Should Contain" library="SeleniumLibrary">
<arg>${product_selected}</arg>
<doc>Verifies that current page contains ``text``.</doc>
<msg timestamp="20220328 16:14:07.202" level="INFO">Current page contains text 'Samsung galaxy s6'.</msg>
<status status="PASS" starttime="20220328 16:14:07.189" endtime="20220328 16:14:07.203"/>
</kw>
<status status="PASS" starttime="20220328 16:14:06.246" endtime="20220328 16:14:07.203"/>
</kw>
<kw name="Continue to place order" library="orderKeywords">
<kw name="Wait Until Element Is Visible" library="SeleniumLibrary">
<arg>${place_order_button}</arg>
<doc>Waits until the element ``locator`` is visible.</doc>
<status status="PASS" starttime="20220328 16:14:07.205" endtime="20220328 16:14:07.240"/>
</kw>
<kw name="Click Element" library="SeleniumLibrary">
<arg>${place_order_button}</arg>
<doc>Click the element identified by ``locator``.</doc>
<msg timestamp="20220328 16:14:07.241" level="INFO">Clicking element '//button[@class="btn btn-success"]'.</msg>
<status status="PASS" starttime="20220328 16:14:07.240" endtime="20220328 16:14:07.318"/>
</kw>
<status status="PASS" starttime="20220328 16:14:07.204" endtime="20220328 16:14:07.318"/>
</kw>
<kw name="Verify Form Order Present" library="orderKeywords">
<kw name="Wait Until Element Is Visible" library="SeleniumLibrary">
<arg>${form_order}</arg>
<doc>Waits until the element ``locator`` is visible.</doc>
<status status="PASS" starttime="20220328 16:14:07.319" endtime="20220328 16:14:07.843"/>
</kw>
<status status="PASS" starttime="20220328 16:14:07.318" endtime="20220328 16:14:07.843"/>
</kw>
<kw name="Continue to purchase the order" library="orderKeywords">
<kw name="Scroll Element Into View" library="SeleniumLibrary">
<arg>${purchase_button}</arg>
<doc>Scrolls the element identified by ``locator`` into view.</doc>
<status status="PASS" starttime="20220328 16:14:07.844" endtime="20220328 16:14:08.151"/>
</kw>
<kw name="Click Element" library="SeleniumLibrary">
<arg>${purchase_button}</arg>
<doc>Click the element identified by ``locator``.</doc>
<msg timestamp="20220328 16:14:08.152" level="INFO">Clicking element '//button[@onclick="purchaseOrder()"]'.</msg>
<status status="PASS" starttime="20220328 16:14:08.152" endtime="20220328 16:14:08.207"/>
</kw>
<status status="PASS" starttime="20220328 16:14:07.844" endtime="20220328 16:14:08.208"/>
</kw>
<kw name="Confirm fill out order Alert Present" library="orderKeywords">
<kw name="Alert Should Be Present" library="SeleniumLibrary">
<arg>Please fill out Name and Creditcard.</arg>
<doc>Verifies that an alert is present and by default, accepts it.</doc>
<msg timestamp="20220328 16:14:08.210" level="INFO">HANDLE::&lt;class 'NoneType'&gt;::None</msg>
<status status="PASS" starttime="20220328 16:14:08.210" endtime="20220328 16:14:08.218"/>
</kw>
<status status="PASS" starttime="20220328 16:14:08.209" endtime="20220328 16:14:08.219"/>
</kw>
<kw name="Close Browser" library="SeleniumLibrary" type="TEARDOWN">
<doc>Closes the current browser.</doc>
<status status="PASS" starttime="20220328 16:14:08.220" endtime="20220328 16:14:11.926"/>
</kw>
<status status="PASS" starttime="20220328 16:13:56.924" endtime="20220328 16:14:11.927"/>
</test>
<test id="s1-t3" name="Order a Product without name and credit card data">
<kw name="Open Browser Chrome" library="orderKeywords" type="SETUP">
<kw name="Open Browser" library="SeleniumLibrary">
<arg>browser=chrome</arg>
<doc>Opens a new browser instance to the optional ``url``.</doc>
<msg timestamp="20220328 16:14:11.931" level="INFO">Opening browser 'chrome' to base url 'None'.</msg>
<status status="PASS" starttime="20220328 16:14:11.930" endtime="20220328 16:14:13.511"/>
</kw>
<kw name="Maximize Browser Window" library="SeleniumLibrary">
<doc>Maximizes current browser window.</doc>
<status status="PASS" starttime="20220328 16:14:13.512" endtime="20220328 16:14:13.645"/>
</kw>
<status status="PASS" starttime="20220328 16:14:11.930" endtime="20220328 16:14:13.646"/>
</kw>
<kw name="Successfully Login" library="orderKeywords">
<kw name="Navigate to Demo Blaze Page" library="orderKeywords">
<kw name="Go To" library="SeleniumLibrary">
<arg>${base_URL}</arg>
<doc>Navigates the current browser window to the provided ``url``.</doc>
<msg timestamp="20220328 16:14:13.648" level="INFO">Opening url 'https://www.demoblaze.com/index.html'</msg>
<status status="PASS" starttime="20220328 16:14:13.648" endtime="20220328 16:14:14.914"/>
</kw>
<status status="PASS" starttime="20220328 16:14:13.647" endtime="20220328 16:14:14.914"/>
</kw>
<kw name="Navigate to Log in Menu" library="orderKeywords">
<kw name="Wait Until Page Contains" library="SeleniumLibrary">
<arg>Log in</arg>
<arg>5seconds</arg>
<doc>Waits until ``text`` appears on the current page.</doc>
<status status="PASS" starttime="20220328 16:14:14.915" endtime="20220328 16:14:14.933"/>
</kw>
<kw name="Click Element" library="SeleniumLibrary">
<arg>${login_menu}</arg>
<doc>Click the element identified by ``locator``.</doc>
<msg timestamp="20220328 16:14:14.933" level="INFO">Clicking element '//a[@id="login2"]'.</msg>
<status status="PASS" starttime="20220328 16:14:14.933" endtime="20220328 16:14:15.002"/>
</kw>
<status status="PASS" starttime="20220328 16:14:14.915" endtime="20220328 16:14:15.003"/>
</kw>
<kw name="Input Username" library="orderKeywords">
<arg>${username_}</arg>
<kw name="Wait Until Element Is Visible" library="SeleniumLibrary">
<arg>${username_txtbox}</arg>
<doc>Waits until the element ``locator`` is visible.</doc>
<status status="PASS" starttime="20220328 16:14:15.004" endtime="20220328 16:14:15.308"/>
</kw>
<kw name="Input Text" library="SeleniumLibrary">
<arg>${username_txtbox}</arg>
<arg>${username_}</arg>
<doc>Types the given ``text`` into the text field identified by ``locator``.</doc>
<msg timestamp="20220328 16:14:15.309" level="INFO">Typing text 'ganjar' into text field '//input[@id="loginusername"]'.</msg>
<status status="PASS" starttime="20220328 16:14:15.308" endtime="20220328 16:14:15.458"/>
</kw>
<status status="PASS" starttime="20220328 16:14:15.003" endtime="20220328 16:14:15.459"/>
</kw>
<kw name="Input Password" library="orderKeywords">
<arg>${password_}</arg>
<kw name="Wait Until Element Is Visible" library="SeleniumLibrary">
<arg>${password_txtbox}</arg>
<doc>Waits until the element ``locator`` is visible.</doc>
<status status="PASS" starttime="20220328 16:14:15.460" endtime="20220328 16:14:15.514"/>
</kw>
<kw name="Input Text" library="SeleniumLibrary">
<arg>${password_txtbox}</arg>
<arg>${password_}</arg>
<doc>Types the given ``text`` into the text field identified by ``locator``.</doc>
<msg timestamp="20220328 16:14:15.515" level="INFO">Typing text 'ganjar' into text field '//input[@id="loginpassword"]'.</msg>
<status status="PASS" starttime="20220328 16:14:15.515" endtime="20220328 16:14:15.671"/>
</kw>
<status status="PASS" starttime="20220328 16:14:15.459" endtime="20220328 16:14:15.671"/>
</kw>
<kw name="Click Log in Button" library="orderKeywords">
<kw name="Wait Until Element Is Visible" library="SeleniumLibrary">
<arg>${login_button}</arg>
<arg>5seconds</arg>
<doc>Waits until the element ``locator`` is visible.</doc>
<status status="PASS" starttime="20220328 16:14:15.672" endtime="20220328 16:14:15.701"/>
</kw>
<kw name="Click Element" library="SeleniumLibrary">
<arg>${login_button}</arg>
<doc>Click the element identified by ``locator``.</doc>
<msg timestamp="20220328 16:14:15.702" level="INFO">Clicking element '//button[@onclick="logIn()"]'.</msg>
<status status="PASS" starttime="20220328 16:14:15.701" endtime="20220328 16:14:15.766"/>
</kw>
<status status="PASS" starttime="20220328 16:14:15.671" endtime="20220328 16:14:15.766"/>
</kw>
<kw name="Confirm successfull Login" library="orderKeywords">
<kw name="Wait Until Element Is Visible" library="SeleniumLibrary">
<arg>${success_login}</arg>
<doc>Waits until the element ``locator`` is visible.</doc>
<status status="PASS" starttime="20220328 16:14:15.768" endtime="20220328 16:14:18.797"/>
</kw>
<status status="PASS" starttime="20220328 16:14:15.767" endtime="20220328 16:14:18.797"/>
</kw>
<status status="PASS" starttime="20220328 16:14:13.646" endtime="20220328 16:14:18.797"/>
</kw>
<kw name="Choose Phone Category" library="orderKeywords">
<kw name="Wait Until Element Is Visible" library="SeleniumLibrary">
<arg>${phone_cat}</arg>
<doc>Waits until the element ``locator`` is visible.</doc>
<status status="PASS" starttime="20220328 16:14:18.799" endtime="20220328 16:14:18.833"/>
</kw>
<kw name="Click Element" library="SeleniumLibrary">
<arg>${phone_cat}</arg>
<doc>Click the element identified by ``locator``.</doc>
<msg timestamp="20220328 16:14:18.834" level="INFO">Clicking element '//a[@onclick="byCat('phone')"]'.</msg>
<status status="PASS" starttime="20220328 16:14:18.834" endtime="20220328 16:14:18.900"/>
</kw>
<status status="PASS" starttime="20220328 16:14:18.798" endtime="20220328 16:14:18.901"/>
</kw>
<kw name="Choose Samsung Galaxy S6" library="orderKeywords">
<kw name="Wait Until Page Contains" library="SeleniumLibrary">
<arg>${product_selected}</arg>
<doc>Waits until ``text`` appears on the current page.</doc>
<status status="PASS" starttime="20220328 16:14:18.903" endtime="20220328 16:14:18.921"/>
</kw>
<kw name="Click Link" library="SeleniumLibrary">
<arg>${product_selected}</arg>
<doc>Clicks a link identified by ``locator``.</doc>
<msg timestamp="20220328 16:14:18.922" level="INFO">Clicking link 'Samsung galaxy s6'.</msg>
<status status="PASS" starttime="20220328 16:14:18.921" endtime="20220328 16:14:19.533"/>
</kw>
<status status="PASS" starttime="20220328 16:14:18.902" endtime="20220328 16:14:19.533"/>
</kw>
<kw name="Verify Navigate to a product" library="orderKeywords">
<kw name="Location Should Be" library="SeleniumLibrary">
<arg>https://www.demoblaze.com/prod.html?idp_=1</arg>
<doc>Verifies that the current URL is exactly ``url``.</doc>
<msg timestamp="20220328 16:14:19.582" level="INFO">Current location is 'https://www.demoblaze.com/prod.html?idp_=1'.</msg>
<status status="PASS" starttime="20220328 16:14:19.534" endtime="20220328 16:14:19.582"/>
</kw>
<status status="PASS" starttime="20220328 16:14:19.534" endtime="20220328 16:14:19.583"/>
</kw>
<kw name="Continue Add to cart" library="orderKeywords">
<kw name="Wait Until Element Is Visible" library="SeleniumLibrary">
<arg>${add_to_cart_button}</arg>
<doc>Waits until the element ``locator`` is visible.</doc>
<status status="PASS" starttime="20220328 16:14:19.585" endtime="20220328 16:14:20.281"/>
</kw>
<kw name="Click Element" library="SeleniumLibrary">
<arg>${add_to_cart_button}</arg>
<doc>Click the element identified by ``locator``.</doc>
<msg timestamp="20220328 16:14:20.282" level="INFO">Clicking element '//a[@onclick="addToCart(1)"]'.</msg>
<status status="PASS" starttime="20220328 16:14:20.281" endtime="20220328 16:14:20.342"/>
</kw>
<status status="PASS" starttime="20220328 16:14:19.584" endtime="20220328 16:14:20.343"/>
</kw>
<kw name="Confirm successfull add to cart" library="orderKeywords">
<kw name="Alert Should Be Present" library="SeleniumLibrary">
<arg>Product added.</arg>
<doc>Verifies that an alert is present and by default, accepts it.</doc>
<msg timestamp="20220328 16:14:20.347" level="INFO">HANDLE::&lt;class 'NoneType'&gt;::None</msg>
<status status="PASS" starttime="20220328 16:14:20.346" endtime="20220328 16:14:21.386"/>
</kw>
<status status="PASS" starttime="20220328 16:14:20.345" endtime="20220328 16:14:21.386"/>
</kw>
<kw name="Navigate to Cart Menu" library="orderKeywords">
<kw name="Wait Until Element Is Visible" library="SeleniumLibrary">
<arg>${cart_menu}</arg>
<doc>Waits until the element ``locator`` is visible.</doc>
<status status="PASS" starttime="20220328 16:14:21.388" endtime="20220328 16:14:21.422"/>
</kw>
<kw name="Click Element" library="SeleniumLibrary">
<arg>${cart_menu}</arg>
<doc>Click the element identified by ``locator``.</doc>
<msg timestamp="20220328 16:14:21.423" level="INFO">Clicking element '//a[@id="cartur"]'.</msg>
<status status="PASS" starttime="20220328 16:14:21.422" endtime="20220328 16:14:21.884"/>
</kw>
<status status="PASS" starttime="20220328 16:14:21.388" endtime="20220328 16:14:21.884"/>
</kw>
<kw name="Verify Product in cart" library="orderKeywords">
<kw name="Wait Until Page Contains" library="SeleniumLibrary">
<arg>${product_selected}</arg>
<doc>Waits until ``text`` appears on the current page.</doc>
<status status="PASS" starttime="20220328 16:14:21.885" endtime="20220328 16:14:22.811"/>
</kw>
<kw name="Page Should Contain" library="SeleniumLibrary">
<arg>${product_selected}</arg>
<doc>Verifies that current page contains ``text``.</doc>
<msg timestamp="20220328 16:14:22.825" level="INFO">Current page contains text 'Samsung galaxy s6'.</msg>
<status status="PASS" starttime="20220328 16:14:22.811" endtime="20220328 16:14:22.825"/>
</kw>
<status status="PASS" starttime="20220328 16:14:21.884" endtime="20220328 16:14:22.826"/>
</kw>
<kw name="Continue to place order" library="orderKeywords">
<kw name="Wait Until Element Is Visible" library="SeleniumLibrary">
<arg>${place_order_button}</arg>
<doc>Waits until the element ``locator`` is visible.</doc>
<status status="PASS" starttime="20220328 16:14:22.828" endtime="20220328 16:14:22.856"/>
</kw>
<kw name="Click Element" library="SeleniumLibrary">
<arg>${place_order_button}</arg>
<doc>Click the element identified by ``locator``.</doc>
<msg timestamp="20220328 16:14:22.857" level="INFO">Clicking element '//button[@class="btn btn-success"]'.</msg>
<status status="PASS" starttime="20220328 16:14:22.856" endtime="20220328 16:14:22.918"/>
</kw>
<status status="PASS" starttime="20220328 16:14:22.827" endtime="20220328 16:14:22.918"/>
</kw>
<kw name="Verify Form Order Present" library="orderKeywords">
<kw name="Wait Until Element Is Visible" library="SeleniumLibrary">
<arg>${form_order}</arg>
<doc>Waits until the element ``locator`` is visible.</doc>
<status status="PASS" starttime="20220328 16:14:22.920" endtime="20220328 16:14:23.422"/>
</kw>
<status status="PASS" starttime="20220328 16:14:22.919" endtime="20220328 16:14:23.423"/>
</kw>
<kw name="Input Country" library="orderKeywords">
<kw name="Input Text" library="SeleniumLibrary">
<arg>${country_txtbox}</arg>
<arg>Indonesia</arg>
<doc>Types the given ``text`` into the text field identified by ``locator``.</doc>
<msg timestamp="20220328 16:14:23.424" level="INFO">Typing text 'Indonesia' into text field '//input[@id="country"]'.</msg>
<status status="PASS" starttime="20220328 16:14:23.424" endtime="20220328 16:14:23.554"/>
</kw>
<status status="PASS" starttime="20220328 16:14:23.423" endtime="20220328 16:14:23.554"/>
</kw>
<kw name="Input City" library="orderKeywords">
<kw name="Input Text" library="SeleniumLibrary">
<arg>${city_txtbox}</arg>
<arg>Yogyakarta</arg>
<doc>Types the given ``text`` into the text field identified by ``locator``.</doc>
<msg timestamp="20220328 16:14:23.556" level="INFO">Typing text 'Yogyakarta' into text field '//input[@id="city"]'.</msg>
<status status="PASS" starttime="20220328 16:14:23.556" endtime="20220328 16:14:23.697"/>
</kw>
<status status="PASS" starttime="20220328 16:14:23.555" endtime="20220328 16:14:23.697"/>
</kw>
<kw name="Input Month" library="orderKeywords">
<kw name="Input Text" library="SeleniumLibrary">
<arg>${month_txtbox}</arg>
<arg>April</arg>
<doc>Types the given ``text`` into the text field identified by ``locator``.</doc>
<msg timestamp="20220328 16:14:23.699" level="INFO">Typing text 'April' into text field '//input[@id="month"]'.</msg>
<status status="PASS" starttime="20220328 16:14:23.698" endtime="20220328 16:14:23.826"/>
</kw>
<status status="PASS" starttime="20220328 16:14:23.698" endtime="20220328 16:14:23.826"/>
</kw>
<kw name="Input Year" library="orderKeywords">
<kw name="Scroll Element Into View" library="SeleniumLibrary">
<arg>${year_txtbox}</arg>
<doc>Scrolls the element identified by ``locator`` into view.</doc>
<status status="PASS" starttime="20220328 16:14:23.830" endtime="20220328 16:14:24.120"/>
</kw>
<kw name="Input Text" library="SeleniumLibrary">
<arg>${year_txtbox}</arg>
<arg>2077</arg>
<doc>Types the given ``text`` into the text field identified by ``locator``.</doc>
<msg timestamp="20220328 16:14:24.120" level="INFO">Typing text '2077' into text field '//input[@id="year"]'.</msg>
<status status="PASS" starttime="20220328 16:14:24.120" endtime="20220328 16:14:24.227"/>
</kw>
<status status="PASS" starttime="20220328 16:14:23.830" endtime="20220328 16:14:24.228"/>
</kw>
<kw name="Continue to purchase the order" library="orderKeywords">
<kw name="Scroll Element Into View" library="SeleniumLibrary">
<arg>${purchase_button}</arg>
<doc>Scrolls the element identified by ``locator`` into view.</doc>
<status status="PASS" starttime="20220328 16:14:24.230" endtime="20220328 16:14:24.525"/>
</kw>
<kw name="Click Element" library="SeleniumLibrary">
<arg>${purchase_button}</arg>
<doc>Click the element identified by ``locator``.</doc>
<msg timestamp="20220328 16:14:24.525" level="INFO">Clicking element '//button[@onclick="purchaseOrder()"]'.</msg>
<status status="PASS" starttime="20220328 16:14:24.525" endtime="20220328 16:14:24.577"/>
</kw>
<status status="PASS" starttime="20220328 16:14:24.229" endtime="20220328 16:14:24.577"/>
</kw>
<kw name="Confirm fill out order Alert Present" library="orderKeywords">
<kw name="Alert Should Be Present" library="SeleniumLibrary">
<arg>Please fill out Name and Creditcard.</arg>
<doc>Verifies that an alert is present and by default, accepts it.</doc>
<msg timestamp="20220328 16:14:24.580" level="INFO">HANDLE::&lt;class 'NoneType'&gt;::None</msg>
<status status="PASS" starttime="20220328 16:14:24.579" endtime="20220328 16:14:24.589"/>
</kw>
<status status="PASS" starttime="20220328 16:14:24.578" endtime="20220328 16:14:24.589"/>
</kw>
<kw name="Close Browser" library="SeleniumLibrary" type="TEARDOWN">
<doc>Closes the current browser.</doc>
<status status="PASS" starttime="20220328 16:14:24.591" endtime="20220328 16:14:26.820"/>
</kw>
<status status="PASS" starttime="20220328 16:14:11.929" endtime="20220328 16:14:26.821"/>
</test>
<test id="s1-t4" name="Order a Product with only name and credit card data">
<kw name="Open Browser Chrome" library="orderKeywords" type="SETUP">
<kw name="Open Browser" library="SeleniumLibrary">
<arg>browser=chrome</arg>
<doc>Opens a new browser instance to the optional ``url``.</doc>
<msg timestamp="20220328 16:14:26.825" level="INFO">Opening browser 'chrome' to base url 'None'.</msg>
<status status="PASS" starttime="20220328 16:14:26.824" endtime="20220328 16:14:28.423"/>
</kw>
<kw name="Maximize Browser Window" library="SeleniumLibrary">
<doc>Maximizes current browser window.</doc>
<status status="PASS" starttime="20220328 16:14:28.424" endtime="20220328 16:14:28.559"/>
</kw>
<status status="PASS" starttime="20220328 16:14:26.824" endtime="20220328 16:14:28.559"/>
</kw>
<kw name="Successfully Login" library="orderKeywords">
<kw name="Navigate to Demo Blaze Page" library="orderKeywords">
<kw name="Go To" library="SeleniumLibrary">
<arg>${base_URL}</arg>
<doc>Navigates the current browser window to the provided ``url``.</doc>
<msg timestamp="20220328 16:14:28.561" level="INFO">Opening url 'https://www.demoblaze.com/index.html'</msg>
<status status="PASS" starttime="20220328 16:14:28.561" endtime="20220328 16:14:29.811"/>
</kw>
<status status="PASS" starttime="20220328 16:14:28.560" endtime="20220328 16:14:29.811"/>
</kw>
<kw name="Navigate to Log in Menu" library="orderKeywords">
<kw name="Wait Until Page Contains" library="SeleniumLibrary">
<arg>Log in</arg>
<arg>5seconds</arg>
<doc>Waits until ``text`` appears on the current page.</doc>
<status status="PASS" starttime="20220328 16:14:29.812" endtime="20220328 16:14:29.831"/>
</kw>
<kw name="Click Element" library="SeleniumLibrary">
<arg>${login_menu}</arg>
<doc>Click the element identified by ``locator``.</doc>
<msg timestamp="20220328 16:14:29.832" level="INFO">Clicking element '//a[@id="login2"]'.</msg>
<status status="PASS" starttime="20220328 16:14:29.831" endtime="20220328 16:14:29.904"/>
</kw>
<status status="PASS" starttime="20220328 16:14:29.812" endtime="20220328 16:14:29.905"/>
</kw>
<kw name="Input Username" library="orderKeywords">
<arg>${username_}</arg>
<kw name="Wait Until Element Is Visible" library="SeleniumLibrary">
<arg>${username_txtbox}</arg>
<doc>Waits until the element ``locator`` is visible.</doc>
<status status="PASS" starttime="20220328 16:14:29.906" endtime="20220328 16:14:30.260"/>
</kw>
<kw name="Input Text" library="SeleniumLibrary">
<arg>${username_txtbox}</arg>
<arg>${username_}</arg>
<doc>Types the given ``text`` into the text field identified by ``locator``.</doc>
<msg timestamp="20220328 16:14:30.261" level="INFO">Typing text 'ganjar' into text field '//input[@id="loginusername"]'.</msg>
<status status="PASS" starttime="20220328 16:14:30.260" endtime="20220328 16:14:30.438"/>
</kw>
<status status="PASS" starttime="20220328 16:14:29.905" endtime="20220328 16:14:30.439"/>
</kw>
<kw name="Input Password" library="orderKeywords">
<arg>${password_}</arg>
<kw name="Wait Until Element Is Visible" library="SeleniumLibrary">
<arg>${password_txtbox}</arg>
<doc>Waits until the element ``locator`` is visible.</doc>
<status status="PASS" starttime="20220328 16:14:30.440" endtime="20220328 16:14:30.473"/>
</kw>
<kw name="Input Text" library="SeleniumLibrary">
<arg>${password_txtbox}</arg>
<arg>${password_}</arg>
<doc>Types the given ``text`` into the text field identified by ``locator``.</doc>
<msg timestamp="20220328 16:14:30.474" level="INFO">Typing text 'ganjar' into text field '//input[@id="loginpassword"]'.</msg>
<status status="PASS" starttime="20220328 16:14:30.473" endtime="20220328 16:14:30.619"/>
</kw>
<status status="PASS" starttime="20220328 16:14:30.439" endtime="20220328 16:14:30.619"/>
</kw>
<kw name="Click Log in Button" library="orderKeywords">
<kw name="Wait Until Element Is Visible" library="SeleniumLibrary">
<arg>${login_button}</arg>
<arg>5seconds</arg>
<doc>Waits until the element ``locator`` is visible.</doc>
<status status="PASS" starttime="20220328 16:14:30.621" endtime="20220328 16:14:30.681"/>
</kw>
<kw name="Click Element" library="SeleniumLibrary">
<arg>${login_button}</arg>
<doc>Click the element identified by ``locator``.</doc>
<msg timestamp="20220328 16:14:30.682" level="INFO">Clicking element '//button[@onclick="logIn()"]'.</msg>
<status status="PASS" starttime="20220328 16:14:30.682" endtime="20220328 16:14:30.988"/>
</kw>
<status status="PASS" starttime="20220328 16:14:30.620" endtime="20220328 16:14:30.988"/>
</kw>
<kw name="Confirm successfull Login" library="orderKeywords">
<kw name="Wait Until Element Is Visible" library="SeleniumLibrary">
<arg>${success_login}</arg>
<doc>Waits until the element ``locator`` is visible.</doc>
<status status="PASS" starttime="20220328 16:14:30.990" endtime="20220328 16:14:32.441"/>
</kw>
<status status="PASS" starttime="20220328 16:14:30.989" endtime="20220328 16:14:32.441"/>
</kw>
<status status="PASS" starttime="20220328 16:14:28.560" endtime="20220328 16:14:32.441"/>
</kw>
<kw name="Choose Phone Category" library="orderKeywords">
<kw name="Wait Until Element Is Visible" library="SeleniumLibrary">
<arg>${phone_cat}</arg>
<doc>Waits until the element ``locator`` is visible.</doc>
<status status="PASS" starttime="20220328 16:14:32.443" endtime="20220328 16:14:32.473"/>
</kw>
<kw name="Click Element" library="SeleniumLibrary">
<arg>${phone_cat}</arg>
<doc>Click the element identified by ``locator``.</doc>
<msg timestamp="20220328 16:14:32.474" level="INFO">Clicking element '//a[@onclick="byCat('phone')"]'.</msg>
<status status="PASS" starttime="20220328 16:14:32.473" endtime="20220328 16:14:32.532"/>
</kw>
<status status="PASS" starttime="20220328 16:14:32.442" endtime="20220328 16:14:32.533"/>
</kw>
<kw name="Choose Samsung Galaxy S6" library="orderKeywords">
<kw name="Wait Until Page Contains" library="SeleniumLibrary">
<arg>${product_selected}</arg>
<doc>Waits until ``text`` appears on the current page.</doc>
<status status="PASS" starttime="20220328 16:14:32.535" endtime="20220328 16:14:32.551"/>
</kw>
<kw name="Click Link" library="SeleniumLibrary">
<arg>${product_selected}</arg>
<doc>Clicks a link identified by ``locator``.</doc>
<msg timestamp="20220328 16:14:32.552" level="INFO">Clicking link 'Samsung galaxy s6'.</msg>
<status status="PASS" starttime="20220328 16:14:32.552" endtime="20220328 16:14:33.156"/>
</kw>
<status status="PASS" starttime="20220328 16:14:32.534" endtime="20220328 16:14:33.156"/>
</kw>
<kw name="Verify Navigate to a product" library="orderKeywords">
<kw name="Location Should Be" library="SeleniumLibrary">
<arg>https://www.demoblaze.com/prod.html?idp_=1</arg>
<doc>Verifies that the current URL is exactly ``url``.</doc>
<msg timestamp="20220328 16:14:33.211" level="INFO">Current location is 'https://www.demoblaze.com/prod.html?idp_=1'.</msg>
<status status="PASS" starttime="20220328 16:14:33.157" endtime="20220328 16:14:33.211"/>
</kw>
<status status="PASS" starttime="20220328 16:14:33.157" endtime="20220328 16:14:33.212"/>
</kw>
<kw name="Continue Add to cart" library="orderKeywords">
<kw name="Wait Until Element Is Visible" library="SeleniumLibrary">
<arg>${add_to_cart_button}</arg>
<doc>Waits until the element ``locator`` is visible.</doc>
<status status="PASS" starttime="20220328 16:14:33.214" endtime="20220328 16:14:33.910"/>
</kw>
<kw name="Click Element" library="SeleniumLibrary">
<arg>${add_to_cart_button}</arg>
<doc>Click the element identified by ``locator``.</doc>
<msg timestamp="20220328 16:14:33.911" level="INFO">Clicking element '//a[@onclick="addToCart(1)"]'.</msg>
<status status="PASS" starttime="20220328 16:14:33.910" endtime="20220328 16:14:33.974"/>
</kw>
<status status="PASS" starttime="20220328 16:14:33.213" endtime="20220328 16:14:33.974"/>
</kw>
<kw name="Confirm successfull add to cart" library="orderKeywords">
<kw name="Alert Should Be Present" library="SeleniumLibrary">
<arg>Product added.</arg>
<doc>Verifies that an alert is present and by default, accepts it.</doc>
<msg timestamp="20220328 16:14:33.976" level="INFO">HANDLE::&lt;class 'NoneType'&gt;::None</msg>
<status status="PASS" starttime="20220328 16:14:33.976" endtime="20220328 16:14:35.001"/>
</kw>
<status status="PASS" starttime="20220328 16:14:33.975" endtime="20220328 16:14:35.001"/>
</kw>
<kw name="Navigate to Cart Menu" library="orderKeywords">
<kw name="Wait Until Element Is Visible" library="SeleniumLibrary">
<arg>${cart_menu}</arg>
<doc>Waits until the element ``locator`` is visible.</doc>
<status status="PASS" starttime="20220328 16:14:35.003" endtime="20220328 16:14:35.041"/>
</kw>
<kw name="Click Element" library="SeleniumLibrary">
<arg>${cart_menu}</arg>
<doc>Click the element identified by ``locator``.</doc>
<msg timestamp="20220328 16:14:35.043" level="INFO">Clicking element '//a[@id="cartur"]'.</msg>
<status status="PASS" starttime="20220328 16:14:35.042" endtime="20220328 16:14:35.703"/>
</kw>
<status status="PASS" starttime="20220328 16:14:35.002" endtime="20220328 16:14:35.704"/>
</kw>
<kw name="Verify Product in cart" library="orderKeywords">
<kw name="Wait Until Page Contains" library="SeleniumLibrary">
<arg>${product_selected}</arg>
<doc>Waits until ``text`` appears on the current page.</doc>
<status status="PASS" starttime="20220328 16:14:35.705" endtime="20220328 16:14:36.630"/>
</kw>
<kw name="Page Should Contain" library="SeleniumLibrary">
<arg>${product_selected}</arg>
<doc>Verifies that current page contains ``text``.</doc>
<msg timestamp="20220328 16:14:36.643" level="INFO">Current page contains text 'Samsung galaxy s6'.</msg>
<status status="PASS" starttime="20220328 16:14:36.631" endtime="20220328 16:14:36.644"/>
</kw>
<status status="PASS" starttime="20220328 16:14:35.705" endtime="20220328 16:14:36.644"/>
</kw>
<kw name="Continue to place order" library="orderKeywords">
<kw name="Wait Until Element Is Visible" library="SeleniumLibrary">
<arg>${place_order_button}</arg>
<doc>Waits until the element ``locator`` is visible.</doc>
<status status="PASS" starttime="20220328 16:14:36.645" endtime="20220328 16:14:36.673"/>
</kw>
<kw name="Click Element" library="SeleniumLibrary">
<arg>${place_order_button}</arg>
<doc>Click the element identified by ``locator``.</doc>
<msg timestamp="20220328 16:14:36.673" level="INFO">Clicking element '//button[@class="btn btn-success"]'.</msg>
<status status="PASS" starttime="20220328 16:14:36.673" endtime="20220328 16:14:36.734"/>
</kw>
<status status="PASS" starttime="20220328 16:14:36.645" endtime="20220328 16:14:36.735"/>
</kw>
<kw name="Verify Form Order Present" library="orderKeywords">
<kw name="Wait Until Element Is Visible" library="SeleniumLibrary">
<arg>${form_order}</arg>
<doc>Waits until the element ``locator`` is visible.</doc>
<status status="PASS" starttime="20220328 16:14:36.738" endtime="20220328 16:14:37.247"/>
</kw>
<status status="PASS" starttime="20220328 16:14:36.737" endtime="20220328 16:14:37.247"/>
</kw>
<kw name="Input Name" library="orderKeywords">
<kw name="Input Text" library="SeleniumLibrary">
<arg>${name_txtbox}</arg>
<arg>Ganjar</arg>
<doc>Types the given ``text`` into the text field identified by ``locator``.</doc>
<msg timestamp="20220328 16:14:37.250" level="INFO">Typing text 'Ganjar' into text field '//input[@id="name"]'.</msg>
<status status="PASS" starttime="20220328 16:14:37.249" endtime="20220328 16:14:37.376"/>
</kw>
<status status="PASS" starttime="20220328 16:14:37.248" endtime="20220328 16:14:37.377"/>
</kw>
<kw name="Input Credit card" library="orderKeywords">
<kw name="Input Text" library="SeleniumLibrary">
<arg>${cc_txtbox}</arg>
<arg>12345</arg>
<doc>Types the given ``text`` into the text field identified by ``locator``.</doc>
<msg timestamp="20220328 16:14:37.379" level="INFO">Typing text '12345' into text field '//input[@id="card"]'.</msg>
<status status="PASS" starttime="20220328 16:14:37.378" endtime="20220328 16:14:37.503"/>
</kw>
<status status="PASS" starttime="20220328 16:14:37.378" endtime="20220328 16:14:37.503"/>
</kw>
<kw name="Continue to purchase the order" library="orderKeywords">
<kw name="Scroll Element Into View" library="SeleniumLibrary">
<arg>${purchase_button}</arg>
<doc>Scrolls the element identified by ``locator`` into view.</doc>
<status status="PASS" starttime="20220328 16:14:37.504" endtime="20220328 16:14:37.791"/>
</kw>
<kw name="Click Element" library="SeleniumLibrary">
<arg>${purchase_button}</arg>
<doc>Click the element identified by ``locator``.</doc>
<msg timestamp="20220328 16:14:37.791" level="INFO">Clicking element '//button[@onclick="purchaseOrder()"]'.</msg>
<status status="PASS" starttime="20220328 16:14:37.791" endtime="20220328 16:14:37.864"/>
</kw>
<status status="PASS" starttime="20220328 16:14:37.504" endtime="20220328 16:14:37.865"/>
</kw>
<kw name="Confirm purchase information present" library="orderKeywords">
<kw name="Wait Until Element Is Visible" library="SeleniumLibrary">
<arg>${purchase_info}</arg>
<doc>Waits until the element ``locator`` is visible.</doc>
<status status="PASS" starttime="20220328 16:14:37.866" endtime="20220328 16:14:38.571"/>
</kw>
<status status="PASS" starttime="20220328 16:14:37.865" endtime="20220328 16:14:38.572"/>
</kw>
<kw name="Click OK Button" library="orderKeywords">
<kw name="Wait Until Element Is Visible" library="SeleniumLibrary">
<arg>${ok_button}</arg>
<doc>Waits until the element ``locator`` is visible.</doc>
<status status="PASS" starttime="20220328 16:14:38.573" endtime="20220328 16:14:38.607"/>
</kw>
<kw name="Click Element" library="SeleniumLibrary">
<arg>${ok_button}</arg>
<doc>Click the element identified by ``locator``.</doc>
<msg timestamp="20220328 16:14:38.608" level="INFO">Clicking element '//button[@class="confirm btn btn-lg btn-primary"]'.</msg>
<status status="PASS" starttime="20220328 16:14:38.607" endtime="20220328 16:14:38.866"/>
</kw>
<status status="PASS" starttime="20220328 16:14:38.573" endtime="20220328 16:14:38.867"/>
</kw>
<kw name="Close Browser" library="SeleniumLibrary" type="TEARDOWN">
<doc>Closes the current browser.</doc>
<status status="PASS" starttime="20220328 16:14:38.869" endtime="20220328 16:14:41.128"/>
</kw>
<status status="PASS" starttime="20220328 16:14:26.823" endtime="20220328 16:14:41.129"/>
</test>
<doc>Order Feature Test</doc>
<status status="PASS" starttime="20220328 16:13:38.925" endtime="20220328 16:14:41.131"/>
</suite>
<statistics>
<total>
<stat pass="4" fail="0" skip="0">All Tests</stat>
</total>
<tag>
</tag>
<suite>
<stat pass="4" fail="0" skip="0" id="s1" name="orderTest">orderTest</stat>
</suite>
</statistics>
<errors>
</errors>
</robot>
